#
# A fatal error has been detected by the Java Runtime Environment:
#
#  EXCEPTION_ACCESS_VIOLATION (0xc0000005) at pc=0x000002683fcc112d, pid=23904, tid=4668
#
# JRE version: OpenJDK Runtime Environment Temurin-11.0.21+9 (11.0.21+9) (build 11.0.21+9)
# Java VM: OpenJDK 64-Bit Server VM Temurin-11.0.21+9 (11.0.21+9, mixed mode, tiered, compressed oops, g1 gc, windows-amd64)
# Problematic frame:
# v  ~StubRoutines::get_previous_fp
#
# No core dump will be written. Minidumps are not enabled by default on client versions of Windows
#
# If you would like to submit a bug report, please visit:
#   https://github.com/adoptium/adoptium-support/issues
#

---------------  S U M M A R Y ------------

Command Line: -javaagent:C:\\Users\\Иван Абросимов\\.m2\\repository\\org\\jacoco\\org.jacoco.agent\\0.8.5\\org.jacoco.agent-0.8.5-runtime.jar=destfile=C:\\Users\\Иван Абросимов\\IdeaProjects\\CIAndJaCoCo\\target\\jacoco.exec C:\Users\5C9F~1\AppData\Local\Temp\surefire15491749686550501100\surefirebooter2646701014158790415.jar C:\Users\Иван Абросимов\AppData\Local\Temp\surefire15491749686550501100 2024-04-02T13-09-53_535-jvmRun1 surefire2495439798679815506tmp surefire_07382835392131368122tmp

Host: 12th Gen Intel(R) Core(TM) i7-12700H, 20 cores, 15G,  Windows 10 , 64 bit Build 19041 (10.0.19041.3636)
Time: Tue Apr  2 13:09:53 2024 RTZ 2 (s 10 , 64 bit Build 19041 (10.0.19041.3636) elapsed time: 0.101257 seconds (0d 0h 0m 0s)

---------------  T H R E A D  ---------------

Current thread (0x0000026837526800):  JavaThread "main" [_thread_in_vm, id=4668, stack(0x000000fb50000000,0x000000fb50100000)]

Stack: [0x000000fb50000000,0x000000fb50100000],  sp=0x000000fb500ff0c0,  free space=1020k
Native frames: (J=compiled Java code, j=interpreted, Vv=VM code, C=native code)
C  0x000002683fcc112d


siginfo: EXCEPTION_ACCESS_VIOLATION (0xc0000005), reading address 0x00000000000003d8


Register to memory mapping:

RIP=0x000002683fcc112d is at begin+8 in a stub
StubRoutines::get_previous_fp [0x000002683fcc1125, 0x000002683fcc1132[ (13 bytes)
RAX=0x00000000000003d8 is an unknown value
RBX=0x000000fb500ff160 is pointing into the stack for thread: 0x0000026837526800
RCX=0x000000fb500ff160 is pointing into the stack for thread: 0x0000026837526800
RDX=0x0 is NULL
RSP=0x000000fb500ff0c0 is pointing into the stack for thread: 0x0000026837526800
RBP=0x000000fb500ff0c0 is pointing into the stack for thread: 0x0000026837526800
RSI=0x0 is NULL
RDI=0x0000026837526800 is a thread
R8 =0x000000fb500ff038 is pointing into the stack for thread: 0x0000026837526800
R9 =0x0000000000000001 is an unknown value
R10=0x0 is NULL
R11=0x000000fb500ff0f0 is pointing into the stack for thread: 0x0000026837526800
R12=0x00000268375277b8 points into unknown readable memory: 0x1003077b3a338bfb | fb 8b 33 3a 7b 07 03 10
R13=0x00000268375b54b8 points into unknown readable memory: 0x0000026835291350 | 50 13 29 35 68 02 00 00
R14=0x000002685ce18020 points into unknown readable memory: 0x000002685ca00920 | 20 09 a0 5c 68 02 00 00
R15=0x00000268375273e0 points into unknown readable memory: 0x0072006f006d0020 | 20 00 6d 00 6f 00 72 00


Registers:
RAX=0x00000000000003d8, RBX=0x000000fb500ff160, RCX=0x000000fb500ff160, RDX=0x0000000000000000
RSP=0x000000fb500ff0c0, RBP=0x000000fb500ff0c0, RSI=0x0000000000000000, RDI=0x0000026837526800
R8 =0x000000fb500ff038, R9 =0x0000000000000001, R10=0x0000000000000000, R11=0x000000fb500ff0f0
R12=0x00000268375277b8, R13=0x00000268375b54b8, R14=0x000002685ce18020, R15=0x00000268375273e0
RIP=0x000002683fcc112d, EFLAGS=0x0000000000010202

Top of Stack: (sp=0x000000fb500ff0c0)
0x000000fb500ff0c0:   00000000000003d8 00007ffbb9ec5b36
0x000000fb500ff0d0:   00000000000000af 000000fb500ff1c0
0x000000fb500ff0e0:   00007ffc1e2482d0 00007ffc2a27b3e4
0x000000fb500ff0f0:   00000268375273d0 00007ffbb994216c
0x000000fb500ff100:   0000026837526800 000002683528ebc0
0x000000fb500ff110:   00000000000007d0 0000000000007fd8
0x000000fb500ff120:   0000026837526800 00007ffbba0191e1
0x000000fb500ff130:   000002683528ebc0 00000268375273d0
0x000000fb500ff140:   00000268375273d0 000002685c0b1488
0x000000fb500ff150:   000002683751a0f8 00007ffc1e24148c
0x000000fb500ff160:   0000000000000000 0000000000000024
0x000000fb500ff170:   00007ffc1e2482d0 000000fb500ff1c0
0x000000fb500ff180:   00007ffc2a34f540 0000000000000000
0x000000fb500ff190:   0000a636d2b8b1bb 00007ffc1e247ae0
0x000000fb500ff1a0:   0000026837526800 00007ffbb9ec8250
0x000000fb500ff1b0:   0000026837526b48 00007ffc1e2482d0 

Instructions: (pc=0x000002683fcc112d)
0x000002683fcc102d:   84 83 00 00 00 83 fa 07 0f 84 80 00 00 00 89 01
0x000002683fcc103d:   48 8d a5 28 fe ff ff c5 fa 6f 75 b8 c5 fa 6f 7d
0x000002683fcc104d:   a8 c5 7a 6f 45 98 c5 7a 6f 4d 88 c5 7a 6f 95 78
0x000002683fcc105d:   ff ff ff c5 7a 6f 9d 68 ff ff ff c5 7a 6f a5 58
0x000002683fcc106d:   ff ff ff c5 7a 6f ad 48 ff ff ff c5 7a 6f b5 38
0x000002683fcc107d:   ff ff ff c5 7a 6f bd 28 ff ff ff 4c 8b 7d c8 4c
0x000002683fcc108d:   8b 75 d0 4c 8b 6d d8 4c 8b 65 e0 48 8b 5d f8 48
0x000002683fcc109d:   8b 7d e8 48 8b 75 f0 48 81 c4 d8 01 00 00 c5 f8
0x000002683fcc10ad:   77 5d c3 48 89 01 eb 88 c5 fa 11 01 eb 82 c5 fb
0x000002683fcc10bd:   11 01 e9 79 ff ff ff 49 89 47 08 49 ba 80 50 1c
0x000002683fcc10cd:   ba fb 7f 00 00 4d 89 57 10 41 c7 47 18 da 01 00
0x000002683fcc10dd:   00 e9 2d ff ff ff 8b c1 87 02 c3 48 8b c1 48 87
0x000002683fcc10ed:   02 c3 41 8b c0 f0 0f b1 0a c3 49 0f be c0 f0 0f
0x000002683fcc10fd:   b0 0a c3 49 8b c0 f0 48 0f b1 0a c3 8b c1 f0 0f
0x000002683fcc110d:   c1 0a 03 c1 c3 48 8b c1 f0 48 0f c1 0a 48 03 c1
0x000002683fcc111d:   c3 f0 83 44 24 c0 00 c3 55 48 8b ec 48 8b 45 00
0x000002683fcc112d:   48 8b 00 5d c3 48 8b c4 48 83 c0 08 c3 c3 0f 1f
0x000002683fcc113d:   44 00 00 55 48 8b ec 49 b9 b0 00 32 ba fb 7f 00
0x000002683fcc114d:   00 f7 d1 41 83 f8 10 0f 8c 38 02 00 00 44 8b da
0x000002683fcc115d:   41 83 e3 0f 74 23 41 83 eb 10 45 03 c3 66 90 0f
0x000002683fcc116d:   be 02 33 c1 81 e0 ff 00 00 00 c1 e9 08 41 33 0c
0x000002683fcc117d:   81 48 ff c2 41 ff c3 7c e6 45 8b d8 41 c1 e8 04
0x000002683fcc118d:   0f 84 fc 01 00 00 c5 f9 6f 0a c5 f9 7e c8 33 c8
0x000002683fcc119d:   c4 e3 71 22 c9 00 48 83 c2 10 41 83 e8 04 0f 8c
0x000002683fcc11ad:   d7 00 00 00 c5 f9 6f 12 c5 f9 6f 5a 10 c5 f9 6f
0x000002683fcc11bd:   62 20 48 83 c2 30 41 83 e8 03 0f 8e 70 00 00 00
0x000002683fcc11cd:   49 ba a0 00 32 ba fb 7f 00 00 c4 c1 7a 6f 02 0f
0x000002683fcc11dd:   1f 40 00 c4 e3 79 44 e9 11 c4 e3 79 44 c9 00 c5
0x000002683fcc11ed:   f1 ef 0a c5 f1 ef cd c4 e3 79 44 ea 11 c4 e3 79
0x000002683fcc11fd:   44 d2 00 c5 e9 ef 52 10 c5 e9 ef d5 c4 e3 79 44
0x000002683fcc120d:   eb 11 c4 e3 79 44 db 00 c5 e1 ef 5a 20 c5 e1 ef
0x000002683fcc121d:   dd c4 e3 79 44 ec 11 c4 e3 79 44 e4 00 c5 d9 ef 


Stack slot to memory mapping:
stack at sp + 0 slots: 0x00000000000003d8 is an unknown value
stack at sp + 1 slots: 0x00007ffbb9ec5b36 jvm.dll
stack at sp + 2 slots: 0x00000000000000af is an unknown value
stack at sp + 3 slots: 0x000000fb500ff1c0 is pointing into the stack for thread: 0x0000026837526800
stack at sp + 4 slots: 0x00007ffc1e2482d0 instrument.dll
stack at sp + 5 slots: 0x00007ffc2a27b3e4 ucrtbase.dll
stack at sp + 6 slots: 0x00000268375273d0 points into unknown readable memory: 0x000002685ce18010 | 10 80 e1 5c 68 02 00 00
stack at sp + 7 slots: 0x00007ffbb994216c jvm.dll

StubRoutines::get_previous_fp [0x000002683fcc1125, 0x000002683fcc1132[ (13 bytes)
---------------  P R O C E S S  ---------------

Threads class SMR info:
_java_thread_list=0x000002685cb46140, length=15, elements={
0x0000026837526800, 0x000002685c958000, 0x000002685c959800, 0x000002685c9d3800,
0x000002685c9d5000, 0x000002685c9d8000, 0x000002685c9de800, 0x000002685c9e8800,
0x000002685ca2e800, 0x000002685c950800, 0x000002685cb61800, 0x000002685cb5e800,
0x000002685cb60000, 0x000002685cb62800, 0x000002685cb61000
}

Java Threads: ( => current thread )
=>0x0000026837526800 JavaThread "main" [_thread_in_vm, id=4668, stack(0x000000fb50000000,0x000000fb50100000)]
  0x000002685c958000 JavaThread "Reference Handler" daemon [_thread_blocked, id=21704, stack(0x000000fb50700000,0x000000fb50800000)]
  0x000002685c959800 JavaThread "Finalizer" daemon [_thread_blocked, id=24628, stack(0x000000fb50800000,0x000000fb50900000)]
  0x000002685c9d3800 JavaThread "Signal Dispatcher" daemon [_thread_blocked, id=4156, stack(0x000000fb50900000,0x000000fb50a00000)]
  0x000002685c9d5000 JavaThread "Attach Listener" daemon [_thread_blocked, id=4360, stack(0x000000fb50a00000,0x000000fb50b00000)]
  0x000002685c9d8000 JavaThread "Service Thread" daemon [_thread_blocked, id=20404, stack(0x000000fb50b00000,0x000000fb50c00000)]
  0x000002685c9de800 JavaThread "C2 CompilerThread0" daemon [_thread_blocked, id=13400, stack(0x000000fb50c00000,0x000000fb50d00000)]
  0x000002685c9e8800 JavaThread "C1 CompilerThread0" daemon [_thread_blocked, id=21888, stack(0x000000fb50d00000,0x000000fb50e00000)]
  0x000002685ca2e800 JavaThread "Sweeper thread" daemon [_thread_blocked, id=23680, stack(0x000000fb50e00000,0x000000fb50f00000)]
  0x000002685c950800 JavaThread "Common-Cleaner" daemon [_thread_blocked, id=17336, stack(0x000000fb50f00000,0x000000fb51000000)]
  0x000002685cb61800 JavaThread "C1 CompilerThread1" daemon [_thread_blocked, id=17832, stack(0x000000fb51000000,0x000000fb51100000)]
  0x000002685cb5e800 JavaThread "C1 CompilerThread2" daemon [_thread_blocked, id=13892, stack(0x000000fb51100000,0x000000fb51200000)]
  0x000002685cb60000 JavaThread "C1 CompilerThread3" daemon [_thread_blocked, id=3436, stack(0x000000fb51200000,0x000000fb51300000)]
  0x000002685cb62800 JavaThread "C2 CompilerThread1" daemon [_thread_blocked, id=16568, stack(0x000000fb51300000,0x000000fb51400000)]
  0x000002685cb61000 JavaThread "C2 CompilerThread2" daemon [_thread_blocked, id=21036, stack(0x000000fb51400000,0x000000fb51500000)]

Other Threads:
  0x000002685c956800 VMThread "VM Thread" [stack: 0x000000fb50600000,0x000000fb50700000] [id=14240]
  0x0000026837541800 GCTaskThread "GC Thread#0" [stack: 0x000000fb50100000,0x000000fb50200000] [id=9900]
  0x000002683759e800 ConcurrentGCThread "G1 Main Marker" [stack: 0x000000fb50200000,0x000000fb50300000] [id=4636]
  0x00000268375a1800 ConcurrentGCThread "G1 Conc#0" [stack: 0x000000fb50300000,0x000000fb50400000] [id=7180]
  0x000002685bfac000 ConcurrentGCThread "G1 Refine#0" [stack: 0x000000fb50400000,0x000000fb50500000] [id=12344]
  0x000002685bfae000 ConcurrentGCThread "G1 Young RemSet Sampling" [stack: 0x000000fb50500000,0x000000fb50600000] [id=16312]

Threads with active compile tasks:

VM state:not at safepoint (normal execution)

VM Mutex/Monitor currently owned by a thread: None

Heap address: 0x0000000704800000, size: 4024 MB, Compressed Oops mode: Zero based, Oop shift amount: 3
Narrow klass base: 0x0000000800000000, Narrow klass shift: 0
Compressed class space size: 1073741824 Address: 0x0000000800000000

Heap:
 garbage-first heap   total 258048K, used 3072K [0x0000000704800000, 0x0000000800000000)
  region size 1024K, 4 young (4096K), 0 survivors (0K)
 Metaspace       used 6733K, capacity 6850K, committed 7168K, reserved 1056768K
  class space    used 582K, capacity 643K, committed 768K, reserved 1048576K
Heap Regions: E=young(eden), S=young(survivor), O=old, HS=humongous(starts), HC=humongous(continues), CS=collection set, F=free, A=archive, TAMS=top-at-mark-start (previous, next)
|   0|0x0000000704800000, 0x0000000704800000, 0x0000000704900000|  0%| F|  |TAMS 0x0000000704800000, 0x0000000704800000| Untracked 
|   1|0x0000000704900000, 0x0000000704900000, 0x0000000704a00000|  0%| F|  |TAMS 0x0000000704900000, 0x0000000704900000| Untracked 
|   2|0x0000000704a00000, 0x0000000704a00000, 0x0000000704b00000|  0%| F|  |TAMS 0x0000000704a00000, 0x0000000704a00000| Untracked 
|   3|0x0000000704b00000, 0x0000000704b00000, 0x0000000704c00000|  0%| F|  |TAMS 0x0000000704b00000, 0x0000000704b00000| Untracked 
|   4|0x0000000704c00000, 0x0000000704c00000, 0x0000000704d00000|  0%| F|  |TAMS 0x0000000704c00000, 0x0000000704c00000| Untracked 
|   5|0x0000000704d00000, 0x0000000704d00000, 0x0000000704e00000|  0%| F|  |TAMS 0x0000000704d00000, 0x0000000704d00000| Untracked 
|   6|0x0000000704e00000, 0x0000000704e00000, 0x0000000704f00000|  0%| F|  |TAMS 0x0000000704e00000, 0x0000000704e00000| Untracked 
|   7|0x0000000704f00000, 0x0000000704f00000, 0x0000000705000000|  0%| F|  |TAMS 0x0000000704f00000, 0x0000000704f00000| Untracked 
|   8|0x0000000705000000, 0x0000000705000000, 0x0000000705100000|  0%| F|  |TAMS 0x0000000705000000, 0x0000000705000000| Untracked 
|   9|0x0000000705100000, 0x0000000705100000, 0x0000000705200000|  0%| F|  |TAMS 0x0000000705100000, 0x0000000705100000| Untracked 
|  10|0x0000000705200000, 0x0000000705200000, 0x0000000705300000|  0%| F|  |TAMS 0x0000000705200000, 0x0000000705200000| Untracked 
|  11|0x0000000705300000, 0x0000000705300000, 0x0000000705400000|  0%| F|  |TAMS 0x0000000705300000, 0x0000000705300000| Untracked 
|  12|0x0000000705400000, 0x0000000705400000, 0x0000000705500000|  0%| F|  |TAMS 0x0000000705400000, 0x0000000705400000| Untracked 
|  13|0x0000000705500000, 0x0000000705500000, 0x0000000705600000|  0%| F|  |TAMS 0x0000000705500000, 0x0000000705500000| Untracked 
|  14|0x0000000705600000, 0x0000000705600000, 0x0000000705700000|  0%| F|  |TAMS 0x0000000705600000, 0x0000000705600000| Untracked 
|  15|0x0000000705700000, 0x0000000705700000, 0x0000000705800000|  0%| F|  |TAMS 0x0000000705700000, 0x0000000705700000| Untracked 
|  16|0x0000000705800000, 0x0000000705800000, 0x0000000705900000|  0%| F|  |TAMS 0x0000000705800000, 0x0000000705800000| Untracked 
|  17|0x0000000705900000, 0x0000000705900000, 0x0000000705a00000|  0%| F|  |TAMS 0x0000000705900000, 0x0000000705900000| Untracked 
|  18|0x0000000705a00000, 0x0000000705a00000, 0x0000000705b00000|  0%| F|  |TAMS 0x0000000705a00000, 0x0000000705a00000| Untracked 
|  19|0x0000000705b00000, 0x0000000705b00000, 0x0000000705c00000|  0%| F|  |TAMS 0x0000000705b00000, 0x0000000705b00000| Untracked 
|  20|0x0000000705c00000, 0x0000000705c00000, 0x0000000705d00000|  0%| F|  |TAMS 0x0000000705c00000, 0x0000000705c00000| Untracked 
|  21|0x0000000705d00000, 0x0000000705d00000, 0x0000000705e00000|  0%| F|  |TAMS 0x0000000705d00000, 0x0000000705d00000| Untracked 
|  22|0x0000000705e00000, 0x0000000705e00000, 0x0000000705f00000|  0%| F|  |TAMS 0x0000000705e00000, 0x0000000705e00000| Untracked 
|  23|0x0000000705f00000, 0x0000000705f00000, 0x0000000706000000|  0%| F|  |TAMS 0x0000000705f00000, 0x0000000705f00000| Untracked 
|  24|0x0000000706000000, 0x0000000706000000, 0x0000000706100000|  0%| F|  |TAMS 0x0000000706000000, 0x0000000706000000| Untracked 
|  25|0x0000000706100000, 0x0000000706100000, 0x0000000706200000|  0%| F|  |TAMS 0x0000000706100000, 0x0000000706100000| Untracked 
|  26|0x0000000706200000, 0x0000000706200000, 0x0000000706300000|  0%| F|  |TAMS 0x0000000706200000, 0x0000000706200000| Untracked 
|  27|0x0000000706300000, 0x0000000706300000, 0x0000000706400000|  0%| F|  |TAMS 0x0000000706300000, 0x0000000706300000| Untracked 
|  28|0x0000000706400000, 0x0000000706400000, 0x0000000706500000|  0%| F|  |TAMS 0x0000000706400000, 0x0000000706400000| Untracked 
|  29|0x0000000706500000, 0x0000000706500000, 0x0000000706600000|  0%| F|  |TAMS 0x0000000706500000, 0x0000000706500000| Untracked 
|  30|0x0000000706600000, 0x0000000706600000, 0x0000000706700000|  0%| F|  |TAMS 0x0000000706600000, 0x0000000706600000| Untracked 
|  31|0x0000000706700000, 0x0000000706700000, 0x0000000706800000|  0%| F|  |TAMS 0x0000000706700000, 0x0000000706700000| Untracked 
|  32|0x0000000706800000, 0x0000000706800000, 0x0000000706900000|  0%| F|  |TAMS 0x0000000706800000, 0x0000000706800000| Untracked 
|  33|0x0000000706900000, 0x0000000706900000, 0x0000000706a00000|  0%| F|  |TAMS 0x0000000706900000, 0x0000000706900000| Untracked 
|  34|0x0000000706a00000, 0x0000000706a00000, 0x0000000706b00000|  0%| F|  |TAMS 0x0000000706a00000, 0x0000000706a00000| Untracked 
|  35|0x0000000706b00000, 0x0000000706b00000, 0x0000000706c00000|  0%| F|  |TAMS 0x0000000706b00000, 0x0000000706b00000| Untracked 
|  36|0x0000000706c00000, 0x0000000706c00000, 0x0000000706d00000|  0%| F|  |TAMS 0x0000000706c00000, 0x0000000706c00000| Untracked 
|  37|0x0000000706d00000, 0x0000000706d00000, 0x0000000706e00000|  0%| F|  |TAMS 0x0000000706d00000, 0x0000000706d00000| Untracked 
|  38|0x0000000706e00000, 0x0000000706e00000, 0x0000000706f00000|  0%| F|  |TAMS 0x0000000706e00000, 0x0000000706e00000| Untracked 
|  39|0x0000000706f00000, 0x0000000706f00000, 0x0000000707000000|  0%| F|  |TAMS 0x0000000706f00000, 0x0000000706f00000| Untracked 
|  40|0x0000000707000000, 0x0000000707000000, 0x0000000707100000|  0%| F|  |TAMS 0x0000000707000000, 0x0000000707000000| Untracked 
|  41|0x0000000707100000, 0x0000000707100000, 0x0000000707200000|  0%| F|  |TAMS 0x0000000707100000, 0x0000000707100000| Untracked 
|  42|0x0000000707200000, 0x0000000707200000, 0x0000000707300000|  0%| F|  |TAMS 0x0000000707200000, 0x0000000707200000| Untracked 
|  43|0x0000000707300000, 0x0000000707300000, 0x0000000707400000|  0%| F|  |TAMS 0x0000000707300000, 0x0000000707300000| Untracked 
|  44|0x0000000707400000, 0x0000000707400000, 0x0000000707500000|  0%| F|  |TAMS 0x0000000707400000, 0x0000000707400000| Untracked 
|  45|0x0000000707500000, 0x0000000707500000, 0x0000000707600000|  0%| F|  |TAMS 0x0000000707500000, 0x0000000707500000| Untracked 
|  46|0x0000000707600000, 0x0000000707600000, 0x0000000707700000|  0%| F|  |TAMS 0x0000000707600000, 0x0000000707600000| Untracked 
|  47|0x0000000707700000, 0x0000000707700000, 0x0000000707800000|  0%| F|  |TAMS 0x0000000707700000, 0x0000000707700000| Untracked 
|  48|0x0000000707800000, 0x0000000707800000, 0x0000000707900000|  0%| F|  |TAMS 0x0000000707800000, 0x0000000707800000| Untracked 
|  49|0x0000000707900000, 0x0000000707900000, 0x0000000707a00000|  0%| F|  |TAMS 0x0000000707900000, 0x0000000707900000| Untracked 
|  50|0x0000000707a00000, 0x0000000707a00000, 0x0000000707b00000|  0%| F|  |TAMS 0x0000000707a00000, 0x0000000707a00000| Untracked 
|  51|0x0000000707b00000, 0x0000000707b00000, 0x0000000707c00000|  0%| F|  |TAMS 0x0000000707b00000, 0x0000000707b00000| Untracked 
|  52|0x0000000707c00000, 0x0000000707c00000, 0x0000000707d00000|  0%| F|  |TAMS 0x0000000707c00000, 0x0000000707c00000| Untracked 
|  53|0x0000000707d00000, 0x0000000707d00000, 0x0000000707e00000|  0%| F|  |TAMS 0x0000000707d00000, 0x0000000707d00000| Untracked 
|  54|0x0000000707e00000, 0x0000000707e00000, 0x0000000707f00000|  0%| F|  |TAMS 0x0000000707e00000, 0x0000000707e00000| Untracked 
|  55|0x0000000707f00000, 0x0000000707f00000, 0x0000000708000000|  0%| F|  |TAMS 0x0000000707f00000, 0x0000000707f00000| Untracked 
|  56|0x0000000708000000, 0x0000000708000000, 0x0000000708100000|  0%| F|  |TAMS 0x0000000708000000, 0x0000000708000000| Untracked 
|  57|0x0000000708100000, 0x0000000708100000, 0x0000000708200000|  0%| F|  |TAMS 0x0000000708100000, 0x0000000708100000| Untracked 
|  58|0x0000000708200000, 0x0000000708200000, 0x0000000708300000|  0%| F|  |TAMS 0x0000000708200000, 0x0000000708200000| Untracked 
|  59|0x0000000708300000, 0x0000000708300000, 0x0000000708400000|  0%| F|  |TAMS 0x0000000708300000, 0x0000000708300000| Untracked 
|  60|0x0000000708400000, 0x0000000708400000, 0x0000000708500000|  0%| F|  |TAMS 0x0000000708400000, 0x0000000708400000| Untracked 
|  61|0x0000000708500000, 0x0000000708500000, 0x0000000708600000|  0%| F|  |TAMS 0x0000000708500000, 0x0000000708500000| Untracked 
|  62|0x0000000708600000, 0x0000000708600000, 0x0000000708700000|  0%| F|  |TAMS 0x0000000708600000, 0x0000000708600000| Untracked 
|  63|0x0000000708700000, 0x0000000708700000, 0x0000000708800000|  0%| F|  |TAMS 0x0000000708700000, 0x0000000708700000| Untracked 
|  64|0x0000000708800000, 0x0000000708800000, 0x0000000708900000|  0%| F|  |TAMS 0x0000000708800000, 0x0000000708800000| Untracked 
|  65|0x0000000708900000, 0x0000000708900000, 0x0000000708a00000|  0%| F|  |TAMS 0x0000000708900000, 0x0000000708900000| Untracked 
|  66|0x0000000708a00000, 0x0000000708a00000, 0x0000000708b00000|  0%| F|  |TAMS 0x0000000708a00000, 0x0000000708a00000| Untracked 
|  67|0x0000000708b00000, 0x0000000708b00000, 0x0000000708c00000|  0%| F|  |TAMS 0x0000000708b00000, 0x0000000708b00000| Untracked 
|  68|0x0000000708c00000, 0x0000000708c00000, 0x0000000708d00000|  0%| F|  |TAMS 0x0000000708c00000, 0x0000000708c00000| Untracked 
|  69|0x0000000708d00000, 0x0000000708d00000, 0x0000000708e00000|  0%| F|  |TAMS 0x0000000708d00000, 0x0000000708d00000| Untracked 
|  70|0x0000000708e00000, 0x0000000708e00000, 0x0000000708f00000|  0%| F|  |TAMS 0x0000000708e00000, 0x0000000708e00000| Untracked 
|  71|0x0000000708f00000, 0x0000000708f00000, 0x0000000709000000|  0%| F|  |TAMS 0x0000000708f00000, 0x0000000708f00000| Untracked 
|  72|0x0000000709000000, 0x0000000709000000, 0x0000000709100000|  0%| F|  |TAMS 0x0000000709000000, 0x0000000709000000| Untracked 
|  73|0x0000000709100000, 0x0000000709100000, 0x0000000709200000|  0%| F|  |TAMS 0x0000000709100000, 0x0000000709100000| Untracked 
|  74|0x0000000709200000, 0x0000000709200000, 0x0000000709300000|  0%| F|  |TAMS 0x0000000709200000, 0x0000000709200000| Untracked 
|  75|0x0000000709300000, 0x0000000709300000, 0x0000000709400000|  0%| F|  |TAMS 0x0000000709300000, 0x0000000709300000| Untracked 
|  76|0x0000000709400000, 0x0000000709400000, 0x0000000709500000|  0%| F|  |TAMS 0x0000000709400000, 0x0000000709400000| Untracked 
|  77|0x0000000709500000, 0x0000000709500000, 0x0000000709600000|  0%| F|  |TAMS 0x0000000709500000, 0x0000000709500000| Untracked 
|  78|0x0000000709600000, 0x0000000709600000, 0x0000000709700000|  0%| F|  |TAMS 0x0000000709600000, 0x0000000709600000| Untracked 
|  79|0x0000000709700000, 0x0000000709700000, 0x0000000709800000|  0%| F|  |TAMS 0x0000000709700000, 0x0000000709700000| Untracked 
|  80|0x0000000709800000, 0x0000000709800000, 0x0000000709900000|  0%| F|  |TAMS 0x0000000709800000, 0x0000000709800000| Untracked 
|  81|0x0000000709900000, 0x0000000709900000, 0x0000000709a00000|  0%| F|  |TAMS 0x0000000709900000, 0x0000000709900000| Untracked 
|  82|0x0000000709a00000, 0x0000000709a00000, 0x0000000709b00000|  0%| F|  |TAMS 0x0000000709a00000, 0x0000000709a00000| Untracked 
|  83|0x0000000709b00000, 0x0000000709b00000, 0x0000000709c00000|  0%| F|  |TAMS 0x0000000709b00000, 0x0000000709b00000| Untracked 
|  84|0x0000000709c00000, 0x0000000709c00000, 0x0000000709d00000|  0%| F|  |TAMS 0x0000000709c00000, 0x0000000709c00000| Untracked 
|  85|0x0000000709d00000, 0x0000000709d00000, 0x0000000709e00000|  0%| F|  |TAMS 0x0000000709d00000, 0x0000000709d00000| Untracked 
|  86|0x0000000709e00000, 0x0000000709e00000, 0x0000000709f00000|  0%| F|  |TAMS 0x0000000709e00000, 0x0000000709e00000| Untracked 
|  87|0x0000000709f00000, 0x0000000709f00000, 0x000000070a000000|  0%| F|  |TAMS 0x0000000709f00000, 0x0000000709f00000| Untracked 
|  88|0x000000070a000000, 0x000000070a000000, 0x000000070a100000|  0%| F|  |TAMS 0x000000070a000000, 0x000000070a000000| Untracked 
|  89|0x000000070a100000, 0x000000070a100000, 0x000000070a200000|  0%| F|  |TAMS 0x000000070a100000, 0x000000070a100000| Untracked 
|  90|0x000000070a200000, 0x000000070a200000, 0x000000070a300000|  0%| F|  |TAMS 0x000000070a200000, 0x000000070a200000| Untracked 
|  91|0x000000070a300000, 0x000000070a300000, 0x000000070a400000|  0%| F|  |TAMS 0x000000070a300000, 0x000000070a300000| Untracked 
|  92|0x000000070a400000, 0x000000070a400000, 0x000000070a500000|  0%| F|  |TAMS 0x000000070a400000, 0x000000070a400000| Untracked 
|  93|0x000000070a500000, 0x000000070a500000, 0x000000070a600000|  0%| F|  |TAMS 0x000000070a500000, 0x000000070a500000| Untracked 
|  94|0x000000070a600000, 0x000000070a600000, 0x000000070a700000|  0%| F|  |TAMS 0x000000070a600000, 0x000000070a600000| Untracked 
|  95|0x000000070a700000, 0x000000070a700000, 0x000000070a800000|  0%| F|  |TAMS 0x000000070a700000, 0x000000070a700000| Untracked 
|  96|0x000000070a800000, 0x000000070a800000, 0x000000070a900000|  0%| F|  |TAMS 0x000000070a800000, 0x000000070a800000| Untracked 
|  97|0x000000070a900000, 0x000000070a900000, 0x000000070aa00000|  0%| F|  |TAMS 0x000000070a900000, 0x000000070a900000| Untracked 
|  98|0x000000070aa00000, 0x000000070aa00000, 0x000000070ab00000|  0%| F|  |TAMS 0x000000070aa00000, 0x000000070aa00000| Untracked 
|  99|0x000000070ab00000, 0x000000070ab00000, 0x000000070ac00000|  0%| F|  |TAMS 0x000000070ab00000, 0x000000070ab00000| Untracked 
| 100|0x000000070ac00000, 0x000000070ac00000, 0x000000070ad00000|  0%| F|  |TAMS 0x000000070ac00000, 0x000000070ac00000| Untracked 
| 101|0x000000070ad00000, 0x000000070ad00000, 0x000000070ae00000|  0%| F|  |TAMS 0x000000070ad00000, 0x000000070ad00000| Untracked 
| 102|0x000000070ae00000, 0x000000070ae00000, 0x000000070af00000|  0%| F|  |TAMS 0x000000070ae00000, 0x000000070ae00000| Untracked 
| 103|0x000000070af00000, 0x000000070af00000, 0x000000070b000000|  0%| F|  |TAMS 0x000000070af00000, 0x000000070af00000| Untracked 
| 104|0x000000070b000000, 0x000000070b000000, 0x000000070b100000|  0%| F|  |TAMS 0x000000070b000000, 0x000000070b000000| Untracked 
| 105|0x000000070b100000, 0x000000070b100000, 0x000000070b200000|  0%| F|  |TAMS 0x000000070b100000, 0x000000070b100000| Untracked 
| 106|0x000000070b200000, 0x000000070b200000, 0x000000070b300000|  0%| F|  |TAMS 0x000000070b200000, 0x000000070b200000| Untracked 
| 107|0x000000070b300000, 0x000000070b300000, 0x000000070b400000|  0%| F|  |TAMS 0x000000070b300000, 0x000000070b300000| Untracked 
| 108|0x000000070b400000, 0x000000070b400000, 0x000000070b500000|  0%| F|  |TAMS 0x000000070b400000, 0x000000070b400000| Untracked 
| 109|0x000000070b500000, 0x000000070b500000, 0x000000070b600000|  0%| F|  |TAMS 0x000000070b500000, 0x000000070b500000| Untracked 
| 110|0x000000070b600000, 0x000000070b600000, 0x000000070b700000|  0%| F|  |TAMS 0x000000070b600000, 0x000000070b600000| Untracked 
| 111|0x000000070b700000, 0x000000070b700000, 0x000000070b800000|  0%| F|  |TAMS 0x000000070b700000, 0x000000070b700000| Untracked 
| 112|0x000000070b800000, 0x000000070b800000, 0x000000070b900000|  0%| F|  |TAMS 0x000000070b800000, 0x000000070b800000| Untracked 
| 113|0x000000070b900000, 0x000000070b900000, 0x000000070ba00000|  0%| F|  |TAMS 0x000000070b900000, 0x000000070b900000| Untracked 
| 114|0x000000070ba00000, 0x000000070ba00000, 0x000000070bb00000|  0%| F|  |TAMS 0x000000070ba00000, 0x000000070ba00000| Untracked 
| 115|0x000000070bb00000, 0x000000070bb00000, 0x000000070bc00000|  0%| F|  |TAMS 0x000000070bb00000, 0x000000070bb00000| Untracked 
| 116|0x000000070bc00000, 0x000000070bc00000, 0x000000070bd00000|  0%| F|  |TAMS 0x000000070bc00000, 0x000000070bc00000| Untracked 
| 117|0x000000070bd00000, 0x000000070bd00000, 0x000000070be00000|  0%| F|  |TAMS 0x000000070bd00000, 0x000000070bd00000| Untracked 
| 118|0x000000070be00000, 0x000000070be00000, 0x000000070bf00000|  0%| F|  |TAMS 0x000000070be00000, 0x000000070be00000| Untracked 
| 119|0x000000070bf00000, 0x000000070bf00000, 0x000000070c000000|  0%| F|  |TAMS 0x000000070bf00000, 0x000000070bf00000| Untracked 
| 120|0x000000070c000000, 0x000000070c000000, 0x000000070c100000|  0%| F|  |TAMS 0x000000070c000000, 0x000000070c000000| Untracked 
| 121|0x000000070c100000, 0x000000070c100000, 0x000000070c200000|  0%| F|  |TAMS 0x000000070c100000, 0x000000070c100000| Untracked 
| 122|0x000000070c200000, 0x000000070c200000, 0x000000070c300000|  0%| F|  |TAMS 0x000000070c200000, 0x000000070c200000| Untracked 
| 123|0x000000070c300000, 0x000000070c300000, 0x000000070c400000|  0%| F|  |TAMS 0x000000070c300000, 0x000000070c300000| Untracked 
| 124|0x000000070c400000, 0x000000070c400000, 0x000000070c500000|  0%| F|  |TAMS 0x000000070c400000, 0x000000070c400000| Untracked 
| 125|0x000000070c500000, 0x000000070c500000, 0x000000070c600000|  0%| F|  |TAMS 0x000000070c500000, 0x000000070c500000| Untracked 
| 126|0x000000070c600000, 0x000000070c600000, 0x000000070c700000|  0%| F|  |TAMS 0x000000070c600000, 0x000000070c600000| Untracked 
| 127|0x000000070c700000, 0x000000070c700000, 0x000000070c800000|  0%| F|  |TAMS 0x000000070c700000, 0x000000070c700000| Untracked 
| 128|0x000000070c800000, 0x000000070c800000, 0x000000070c900000|  0%| F|  |TAMS 0x000000070c800000, 0x000000070c800000| Untracked 
| 129|0x000000070c900000, 0x000000070c900000, 0x000000070ca00000|  0%| F|  |TAMS 0x000000070c900000, 0x000000070c900000| Untracked 
| 130|0x000000070ca00000, 0x000000070ca00000, 0x000000070cb00000|  0%| F|  |TAMS 0x000000070ca00000, 0x000000070ca00000| Untracked 
| 131|0x000000070cb00000, 0x000000070cb00000, 0x000000070cc00000|  0%| F|  |TAMS 0x000000070cb00000, 0x000000070cb00000| Untracked 
| 132|0x000000070cc00000, 0x000000070cc00000, 0x000000070cd00000|  0%| F|  |TAMS 0x000000070cc00000, 0x000000070cc00000| Untracked 
| 133|0x000000070cd00000, 0x000000070cd00000, 0x000000070ce00000|  0%| F|  |TAMS 0x000000070cd00000, 0x000000070cd00000| Untracked 
| 134|0x000000070ce00000, 0x000000070ce00000, 0x000000070cf00000|  0%| F|  |TAMS 0x000000070ce00000, 0x000000070ce00000| Untracked 
| 135|0x000000070cf00000, 0x000000070cf00000, 0x000000070d000000|  0%| F|  |TAMS 0x000000070cf00000, 0x000000070cf00000| Untracked 
| 136|0x000000070d000000, 0x000000070d000000, 0x000000070d100000|  0%| F|  |TAMS 0x000000070d000000, 0x000000070d000000| Untracked 
| 137|0x000000070d100000, 0x000000070d100000, 0x000000070d200000|  0%| F|  |TAMS 0x000000070d100000, 0x000000070d100000| Untracked 
| 138|0x000000070d200000, 0x000000070d200000, 0x000000070d300000|  0%| F|  |TAMS 0x000000070d200000, 0x000000070d200000| Untracked 
| 139|0x000000070d300000, 0x000000070d300000, 0x000000070d400000|  0%| F|  |TAMS 0x000000070d300000, 0x000000070d300000| Untracked 
| 140|0x000000070d400000, 0x000000070d400000, 0x000000070d500000|  0%| F|  |TAMS 0x000000070d400000, 0x000000070d400000| Untracked 
| 141|0x000000070d500000, 0x000000070d500000, 0x000000070d600000|  0%| F|  |TAMS 0x000000070d500000, 0x000000070d500000| Untracked 
| 142|0x000000070d600000, 0x000000070d600000, 0x000000070d700000|  0%| F|  |TAMS 0x000000070d600000, 0x000000070d600000| Untracked 
| 143|0x000000070d700000, 0x000000070d700000, 0x000000070d800000|  0%| F|  |TAMS 0x000000070d700000, 0x000000070d700000| Untracked 
| 144|0x000000070d800000, 0x000000070d800000, 0x000000070d900000|  0%| F|  |TAMS 0x000000070d800000, 0x000000070d800000| Untracked 
| 145|0x000000070d900000, 0x000000070d900000, 0x000000070da00000|  0%| F|  |TAMS 0x000000070d900000, 0x000000070d900000| Untracked 
| 146|0x000000070da00000, 0x000000070da00000, 0x000000070db00000|  0%| F|  |TAMS 0x000000070da00000, 0x000000070da00000| Untracked 
| 147|0x000000070db00000, 0x000000070db00000, 0x000000070dc00000|  0%| F|  |TAMS 0x000000070db00000, 0x000000070db00000| Untracked 
| 148|0x000000070dc00000, 0x000000070dc00000, 0x000000070dd00000|  0%| F|  |TAMS 0x000000070dc00000, 0x000000070dc00000| Untracked 
| 149|0x000000070dd00000, 0x000000070dd00000, 0x000000070de00000|  0%| F|  |TAMS 0x000000070dd00000, 0x000000070dd00000| Untracked 
| 150|0x000000070de00000, 0x000000070de00000, 0x000000070df00000|  0%| F|  |TAMS 0x000000070de00000, 0x000000070de00000| Untracked 
| 151|0x000000070df00000, 0x000000070df00000, 0x000000070e000000|  0%| F|  |TAMS 0x000000070df00000, 0x000000070df00000| Untracked 
| 152|0x000000070e000000, 0x000000070e000000, 0x000000070e100000|  0%| F|  |TAMS 0x000000070e000000, 0x000000070e000000| Untracked 
| 153|0x000000070e100000, 0x000000070e100000, 0x000000070e200000|  0%| F|  |TAMS 0x000000070e100000, 0x000000070e100000| Untracked 
| 154|0x000000070e200000, 0x000000070e200000, 0x000000070e300000|  0%| F|  |TAMS 0x000000070e200000, 0x000000070e200000| Untracked 
| 155|0x000000070e300000, 0x000000070e300000, 0x000000070e400000|  0%| F|  |TAMS 0x000000070e300000, 0x000000070e300000| Untracked 
| 156|0x000000070e400000, 0x000000070e400000, 0x000000070e500000|  0%| F|  |TAMS 0x000000070e400000, 0x000000070e400000| Untracked 
| 157|0x000000070e500000, 0x000000070e500000, 0x000000070e600000|  0%| F|  |TAMS 0x000000070e500000, 0x000000070e500000| Untracked 
| 158|0x000000070e600000, 0x000000070e600000, 0x000000070e700000|  0%| F|  |TAMS 0x000000070e600000, 0x000000070e600000| Untracked 
| 159|0x000000070e700000, 0x000000070e700000, 0x000000070e800000|  0%| F|  |TAMS 0x000000070e700000, 0x000000070e700000| Untracked 
| 160|0x000000070e800000, 0x000000070e800000, 0x000000070e900000|  0%| F|  |TAMS 0x000000070e800000, 0x000000070e800000| Untracked 
| 161|0x000000070e900000, 0x000000070e900000, 0x000000070ea00000|  0%| F|  |TAMS 0x000000070e900000, 0x000000070e900000| Untracked 
| 162|0x000000070ea00000, 0x000000070ea00000, 0x000000070eb00000|  0%| F|  |TAMS 0x000000070ea00000, 0x000000070ea00000| Untracked 
| 163|0x000000070eb00000, 0x000000070eb00000, 0x000000070ec00000|  0%| F|  |TAMS 0x000000070eb00000, 0x000000070eb00000| Untracked 
| 164|0x000000070ec00000, 0x000000070ec00000, 0x000000070ed00000|  0%| F|  |TAMS 0x000000070ec00000, 0x000000070ec00000| Untracked 
| 165|0x000000070ed00000, 0x000000070ed00000, 0x000000070ee00000|  0%| F|  |TAMS 0x000000070ed00000, 0x000000070ed00000| Untracked 
| 166|0x000000070ee00000, 0x000000070ee00000, 0x000000070ef00000|  0%| F|  |TAMS 0x000000070ee00000, 0x000000070ee00000| Untracked 
| 167|0x000000070ef00000, 0x000000070ef00000, 0x000000070f000000|  0%| F|  |TAMS 0x000000070ef00000, 0x000000070ef00000| Untracked 
| 168|0x000000070f000000, 0x000000070f000000, 0x000000070f100000|  0%| F|  |TAMS 0x000000070f000000, 0x000000070f000000| Untracked 
| 169|0x000000070f100000, 0x000000070f100000, 0x000000070f200000|  0%| F|  |TAMS 0x000000070f100000, 0x000000070f100000| Untracked 
| 170|0x000000070f200000, 0x000000070f200000, 0x000000070f300000|  0%| F|  |TAMS 0x000000070f200000, 0x000000070f200000| Untracked 
| 171|0x000000070f300000, 0x000000070f300000, 0x000000070f400000|  0%| F|  |TAMS 0x000000070f300000, 0x000000070f300000| Untracked 
| 172|0x000000070f400000, 0x000000070f400000, 0x000000070f500000|  0%| F|  |TAMS 0x000000070f400000, 0x000000070f400000| Untracked 
| 173|0x000000070f500000, 0x000000070f500000, 0x000000070f600000|  0%| F|  |TAMS 0x000000070f500000, 0x000000070f500000| Untracked 
| 174|0x000000070f600000, 0x000000070f600000, 0x000000070f700000|  0%| F|  |TAMS 0x000000070f600000, 0x000000070f600000| Untracked 
| 175|0x000000070f700000, 0x000000070f700000, 0x000000070f800000|  0%| F|  |TAMS 0x000000070f700000, 0x000000070f700000| Untracked 
| 176|0x000000070f800000, 0x000000070f800000, 0x000000070f900000|  0%| F|  |TAMS 0x000000070f800000, 0x000000070f800000| Untracked 
| 177|0x000000070f900000, 0x000000070f900000, 0x000000070fa00000|  0%| F|  |TAMS 0x000000070f900000, 0x000000070f900000| Untracked 
| 178|0x000000070fa00000, 0x000000070fa00000, 0x000000070fb00000|  0%| F|  |TAMS 0x000000070fa00000, 0x000000070fa00000| Untracked 
| 179|0x000000070fb00000, 0x000000070fb00000, 0x000000070fc00000|  0%| F|  |TAMS 0x000000070fb00000, 0x000000070fb00000| Untracked 
| 180|0x000000070fc00000, 0x000000070fc00000, 0x000000070fd00000|  0%| F|  |TAMS 0x000000070fc00000, 0x000000070fc00000| Untracked 
| 181|0x000000070fd00000, 0x000000070fd00000, 0x000000070fe00000|  0%| F|  |TAMS 0x000000070fd00000, 0x000000070fd00000| Untracked 
| 182|0x000000070fe00000, 0x000000070fe00000, 0x000000070ff00000|  0%| F|  |TAMS 0x000000070fe00000, 0x000000070fe00000| Untracked 
| 183|0x000000070ff00000, 0x000000070ff00000, 0x0000000710000000|  0%| F|  |TAMS 0x000000070ff00000, 0x000000070ff00000| Untracked 
| 184|0x0000000710000000, 0x0000000710000000, 0x0000000710100000|  0%| F|  |TAMS 0x0000000710000000, 0x0000000710000000| Untracked 
| 185|0x0000000710100000, 0x0000000710100000, 0x0000000710200000|  0%| F|  |TAMS 0x0000000710100000, 0x0000000710100000| Untracked 
| 186|0x0000000710200000, 0x0000000710200000, 0x0000000710300000|  0%| F|  |TAMS 0x0000000710200000, 0x0000000710200000| Untracked 
| 187|0x0000000710300000, 0x0000000710300000, 0x0000000710400000|  0%| F|  |TAMS 0x0000000710300000, 0x0000000710300000| Untracked 
| 188|0x0000000710400000, 0x0000000710400000, 0x0000000710500000|  0%| F|  |TAMS 0x0000000710400000, 0x0000000710400000| Untracked 
| 189|0x0000000710500000, 0x0000000710500000, 0x0000000710600000|  0%| F|  |TAMS 0x0000000710500000, 0x0000000710500000| Untracked 
| 190|0x0000000710600000, 0x0000000710600000, 0x0000000710700000|  0%| F|  |TAMS 0x0000000710600000, 0x0000000710600000| Untracked 
| 191|0x0000000710700000, 0x0000000710700000, 0x0000000710800000|  0%| F|  |TAMS 0x0000000710700000, 0x0000000710700000| Untracked 
| 192|0x0000000710800000, 0x0000000710800000, 0x0000000710900000|  0%| F|  |TAMS 0x0000000710800000, 0x0000000710800000| Untracked 
| 193|0x0000000710900000, 0x0000000710900000, 0x0000000710a00000|  0%| F|  |TAMS 0x0000000710900000, 0x0000000710900000| Untracked 
| 194|0x0000000710a00000, 0x0000000710a00000, 0x0000000710b00000|  0%| F|  |TAMS 0x0000000710a00000, 0x0000000710a00000| Untracked 
| 195|0x0000000710b00000, 0x0000000710b00000, 0x0000000710c00000|  0%| F|  |TAMS 0x0000000710b00000, 0x0000000710b00000| Untracked 
| 196|0x0000000710c00000, 0x0000000710c00000, 0x0000000710d00000|  0%| F|  |TAMS 0x0000000710c00000, 0x0000000710c00000| Untracked 
| 197|0x0000000710d00000, 0x0000000710d00000, 0x0000000710e00000|  0%| F|  |TAMS 0x0000000710d00000, 0x0000000710d00000| Untracked 
| 198|0x0000000710e00000, 0x0000000710e00000, 0x0000000710f00000|  0%| F|  |TAMS 0x0000000710e00000, 0x0000000710e00000| Untracked 
| 199|0x0000000710f00000, 0x0000000710f00000, 0x0000000711000000|  0%| F|  |TAMS 0x0000000710f00000, 0x0000000710f00000| Untracked 
| 200|0x0000000711000000, 0x0000000711000000, 0x0000000711100000|  0%| F|  |TAMS 0x0000000711000000, 0x0000000711000000| Untracked 
| 201|0x0000000711100000, 0x0000000711100000, 0x0000000711200000|  0%| F|  |TAMS 0x0000000711100000, 0x0000000711100000| Untracked 
| 202|0x0000000711200000, 0x0000000711200000, 0x0000000711300000|  0%| F|  |TAMS 0x0000000711200000, 0x0000000711200000| Untracked 
| 203|0x0000000711300000, 0x0000000711300000, 0x0000000711400000|  0%| F|  |TAMS 0x0000000711300000, 0x0000000711300000| Untracked 
| 204|0x0000000711400000, 0x0000000711400000, 0x0000000711500000|  0%| F|  |TAMS 0x0000000711400000, 0x0000000711400000| Untracked 
| 205|0x0000000711500000, 0x0000000711500000, 0x0000000711600000|  0%| F|  |TAMS 0x0000000711500000, 0x0000000711500000| Untracked 
| 206|0x0000000711600000, 0x0000000711600000, 0x0000000711700000|  0%| F|  |TAMS 0x0000000711600000, 0x0000000711600000| Untracked 
| 207|0x0000000711700000, 0x0000000711700000, 0x0000000711800000|  0%| F|  |TAMS 0x0000000711700000, 0x0000000711700000| Untracked 
| 208|0x0000000711800000, 0x0000000711800000, 0x0000000711900000|  0%| F|  |TAMS 0x0000000711800000, 0x0000000711800000| Untracked 
| 209|0x0000000711900000, 0x0000000711900000, 0x0000000711a00000|  0%| F|  |TAMS 0x0000000711900000, 0x0000000711900000| Untracked 
| 210|0x0000000711a00000, 0x0000000711a00000, 0x0000000711b00000|  0%| F|  |TAMS 0x0000000711a00000, 0x0000000711a00000| Untracked 
| 211|0x0000000711b00000, 0x0000000711b00000, 0x0000000711c00000|  0%| F|  |TAMS 0x0000000711b00000, 0x0000000711b00000| Untracked 
| 212|0x0000000711c00000, 0x0000000711c00000, 0x0000000711d00000|  0%| F|  |TAMS 0x0000000711c00000, 0x0000000711c00000| Untracked 
| 213|0x0000000711d00000, 0x0000000711d00000, 0x0000000711e00000|  0%| F|  |TAMS 0x0000000711d00000, 0x0000000711d00000| Untracked 
| 214|0x0000000711e00000, 0x0000000711e00000, 0x0000000711f00000|  0%| F|  |TAMS 0x0000000711e00000, 0x0000000711e00000| Untracked 
| 215|0x0000000711f00000, 0x0000000711f00000, 0x0000000712000000|  0%| F|  |TAMS 0x0000000711f00000, 0x0000000711f00000| Untracked 
| 216|0x0000000712000000, 0x0000000712000000, 0x0000000712100000|  0%| F|  |TAMS 0x0000000712000000, 0x0000000712000000| Untracked 
| 217|0x0000000712100000, 0x0000000712100000, 0x0000000712200000|  0%| F|  |TAMS 0x0000000712100000, 0x0000000712100000| Untracked 
| 218|0x0000000712200000, 0x0000000712200000, 0x0000000712300000|  0%| F|  |TAMS 0x0000000712200000, 0x0000000712200000| Untracked 
| 219|0x0000000712300000, 0x0000000712300000, 0x0000000712400000|  0%| F|  |TAMS 0x0000000712300000, 0x0000000712300000| Untracked 
| 220|0x0000000712400000, 0x0000000712400000, 0x0000000712500000|  0%| F|  |TAMS 0x0000000712400000, 0x0000000712400000| Untracked 
| 221|0x0000000712500000, 0x0000000712500000, 0x0000000712600000|  0%| F|  |TAMS 0x0000000712500000, 0x0000000712500000| Untracked 
| 222|0x0000000712600000, 0x0000000712600000, 0x0000000712700000|  0%| F|  |TAMS 0x0000000712600000, 0x0000000712600000| Untracked 
| 223|0x0000000712700000, 0x0000000712700000, 0x0000000712800000|  0%| F|  |TAMS 0x0000000712700000, 0x0000000712700000| Untracked 
| 224|0x0000000712800000, 0x0000000712800000, 0x0000000712900000|  0%| F|  |TAMS 0x0000000712800000, 0x0000000712800000| Untracked 
| 225|0x0000000712900000, 0x0000000712900000, 0x0000000712a00000|  0%| F|  |TAMS 0x0000000712900000, 0x0000000712900000| Untracked 
| 226|0x0000000712a00000, 0x0000000712a00000, 0x0000000712b00000|  0%| F|  |TAMS 0x0000000712a00000, 0x0000000712a00000| Untracked 
| 227|0x0000000712b00000, 0x0000000712b00000, 0x0000000712c00000|  0%| F|  |TAMS 0x0000000712b00000, 0x0000000712b00000| Untracked 
| 228|0x0000000712c00000, 0x0000000712c00000, 0x0000000712d00000|  0%| F|  |TAMS 0x0000000712c00000, 0x0000000712c00000| Untracked 
| 229|0x0000000712d00000, 0x0000000712d00000, 0x0000000712e00000|  0%| F|  |TAMS 0x0000000712d00000, 0x0000000712d00000| Untracked 
| 230|0x0000000712e00000, 0x0000000712e00000, 0x0000000712f00000|  0%| F|  |TAMS 0x0000000712e00000, 0x0000000712e00000| Untracked 
| 231|0x0000000712f00000, 0x0000000712f00000, 0x0000000713000000|  0%| F|  |TAMS 0x0000000712f00000, 0x0000000712f00000| Untracked 
| 232|0x0000000713000000, 0x0000000713000000, 0x0000000713100000|  0%| F|  |TAMS 0x0000000713000000, 0x0000000713000000| Untracked 
| 233|0x0000000713100000, 0x0000000713100000, 0x0000000713200000|  0%| F|  |TAMS 0x0000000713100000, 0x0000000713100000| Untracked 
| 234|0x0000000713200000, 0x0000000713200000, 0x0000000713300000|  0%| F|  |TAMS 0x0000000713200000, 0x0000000713200000| Untracked 
| 235|0x0000000713300000, 0x0000000713300000, 0x0000000713400000|  0%| F|  |TAMS 0x0000000713300000, 0x0000000713300000| Untracked 
| 236|0x0000000713400000, 0x0000000713400000, 0x0000000713500000|  0%| F|  |TAMS 0x0000000713400000, 0x0000000713400000| Untracked 
| 237|0x0000000713500000, 0x0000000713500000, 0x0000000713600000|  0%| F|  |TAMS 0x0000000713500000, 0x0000000713500000| Untracked 
| 238|0x0000000713600000, 0x0000000713600000, 0x0000000713700000|  0%| F|  |TAMS 0x0000000713600000, 0x0000000713600000| Untracked 
| 239|0x0000000713700000, 0x0000000713700000, 0x0000000713800000|  0%| F|  |TAMS 0x0000000713700000, 0x0000000713700000| Untracked 
| 240|0x0000000713800000, 0x0000000713800000, 0x0000000713900000|  0%| F|  |TAMS 0x0000000713800000, 0x0000000713800000| Untracked 
| 241|0x0000000713900000, 0x0000000713900000, 0x0000000713a00000|  0%| F|  |TAMS 0x0000000713900000, 0x0000000713900000| Untracked 
| 242|0x0000000713a00000, 0x0000000713a00000, 0x0000000713b00000|  0%| F|  |TAMS 0x0000000713a00000, 0x0000000713a00000| Untracked 
| 243|0x0000000713b00000, 0x0000000713b00000, 0x0000000713c00000|  0%| F|  |TAMS 0x0000000713b00000, 0x0000000713b00000| Untracked 
| 244|0x0000000713c00000, 0x0000000713c00000, 0x0000000713d00000|  0%| F|  |TAMS 0x0000000713c00000, 0x0000000713c00000| Untracked 
| 245|0x0000000713d00000, 0x0000000713d00000, 0x0000000713e00000|  0%| F|  |TAMS 0x0000000713d00000, 0x0000000713d00000| Untracked 
| 246|0x0000000713e00000, 0x0000000713e00000, 0x0000000713f00000|  0%| F|  |TAMS 0x0000000713e00000, 0x0000000713e00000| Untracked 
| 247|0x0000000713f00000, 0x0000000713f00000, 0x0000000714000000|  0%| F|  |TAMS 0x0000000713f00000, 0x0000000713f00000| Untracked 
| 248|0x0000000714000000, 0x000000071407b630, 0x0000000714100000| 48%| E|  |TAMS 0x0000000714000000, 0x0000000714000000| Complete 
| 249|0x0000000714100000, 0x0000000714200000, 0x0000000714200000|100%| E|CS|TAMS 0x0000000714100000, 0x0000000714100000| Complete 
| 250|0x0000000714200000, 0x0000000714300000, 0x0000000714300000|100%| E|CS|TAMS 0x0000000714200000, 0x0000000714200000| Complete 
| 251|0x0000000714300000, 0x0000000714400000, 0x0000000714400000|100%| E|CS|TAMS 0x0000000714300000, 0x0000000714300000| Complete 

Card table byte_map: [0x000002684ff40000,0x0000026850720000] _byte_map_base: 0x000002684c71c000

Marking Bits (Prev, Next): (CMBitMap*) 0x000002683758ddb8, (CMBitMap*) 0x000002683758ddf0
 Prev Bits: [0x0000026850f00000, 0x0000026854de0000)
 Next Bits: [0x0000026854de0000, 0x0000026858cc0000)

Polling page: 0x0000026836d00000

Metaspace:

Usage:
  Non-class:      6.06 MB capacity,     6.01 MB (>99%) used,    51.48 KB ( <1%) free+waste,     4.50 KB ( <1%) overhead. 
      Class:    643.00 KB capacity,   582.08 KB ( 91%) used,    58.73 KB (  9%) free+waste,     2.19 KB ( <1%) overhead. 
       Both:      6.69 MB capacity,     6.58 MB ( 98%) used,   110.22 KB (  2%) free+waste,     6.69 KB ( <1%) overhead. 

Virtual space:
  Non-class space:        8.00 MB reserved,       6.25 MB ( 78%) committed 
      Class space:        1.00 GB reserved,     768.00 KB ( <1%) committed 
             Both:        1.01 GB reserved,       7.00 MB ( <1%) committed 

Chunk freelists:
   Non-Class:  1.00 KB
       Class:  29.00 KB
        Both:  30.00 KB

MaxMetaspaceSize: 17179869184.00 GB
CompressedClassSpaceSize: 1.00 GB
Initial GC threshold: 20.80 MB
Current GC threshold: 20.80 MB
CDS: off

CodeHeap 'non-profiled nmethods': size=119168Kb used=105Kb max_used=105Kb free=119062Kb
 bounds [0x0000026847860000, 0x0000026847ad0000, 0x000002684ecc0000]
CodeHeap 'profiled nmethods': size=119168Kb used=452Kb max_used=452Kb free=118715Kb
 bounds [0x0000026840400000, 0x0000026840670000, 0x0000026847860000]
CodeHeap 'non-nmethods': size=7424Kb used=2790Kb max_used=2803Kb free=4633Kb
 bounds [0x000002683fcc0000, 0x000002683ff80000, 0x0000026840400000]
 total_blobs=696 nmethods=350 adapters=256
 compilation: enabled
              stopped_count=0, restarted_count=0
 full_count=0

Compilation events (20 events):
Event: 0.098 Thread 0x000002685cb60000 nmethod 341 0x0000026840469310 code [0x0000026840469540, 0x0000026840469ca8]
Event: 0.098 Thread 0x000002685cb60000  342   !   3       jdk.internal.loader.URLClassPath$JarLoader::getResource (65 bytes)
Event: 0.098 Thread 0x000002685cb61800 nmethod 336 0x0000026840469f10 code [0x000002684046a2e0, 0x000002684046c1a8]
Event: 0.099 Thread 0x000002685cb60000 nmethod 342 0x000002684046ce10 code [0x000002684046d0e0, 0x000002684046dfe8]
Event: 0.099 Thread 0x000002685cb5e800  343       3       java.io.WinNTFileSystem::normalize (143 bytes)
Event: 0.099 Thread 0x000002685cb5e800 nmethod 343 0x000002684046e510 code [0x000002684046e7a0, 0x000002684046f2f8]
Event: 0.100 Thread 0x000002685c9e8800  344       1       java.nio.Buffer::position (5 bytes)
Event: 0.100 Thread 0x000002685cb61800  345       1       java.nio.Buffer::limit (5 bytes)
Event: 0.100 Thread 0x000002685c9e8800 nmethod 344 0x000002684787a090 code [0x000002684787a240, 0x000002684787a2f8]
Event: 0.100 Thread 0x000002685cb61800 nmethod 345 0x000002684787a390 code [0x000002684787a540, 0x000002684787a5f8]
Event: 0.100 Thread 0x000002685cb61800  346       3       java.util.Collections$UnmodifiableCollection$1::next (10 bytes)
Event: 0.100 Thread 0x000002685c9e8800  347       3       sun.nio.cs.SingleByte$Encoder::encode (32 bytes)
Event: 0.100 Thread 0x000002685cb61800 nmethod 346 0x000002684046f790 code [0x000002684046f940, 0x000002684046fb08]
Event: 0.100 Thread 0x000002685c9e8800 nmethod 347 0x000002684046fc10 code [0x000002684046fdc0, 0x000002684046ff78]
Event: 0.100 Thread 0x000002685cb60000  348       3       java.nio.Buffer::position (52 bytes)
Event: 0.100 Thread 0x000002685c9e8800  349       3       java.nio.ByteBuffer::arrayOffset (35 bytes)
Event: 0.100 Thread 0x000002685cb60000 nmethod 348 0x0000026840470090 code [0x0000026840470260, 0x00000268404704c8]
Event: 0.100 Thread 0x000002685cb60000  350       3       java.nio.CharBuffer::arrayOffset (35 bytes)
Event: 0.100 Thread 0x000002685c9e8800 nmethod 349 0x0000026840470590 code [0x0000026840470760, 0x00000268404709d8]
Event: 0.100 Thread 0x000002685cb60000 nmethod 350 0x0000026840470b10 code [0x0000026840470ce0, 0x0000026840470f58]

GC Heap History (0 events):
No events

Deoptimization events (20 events):
Event: 0.074 Thread 0x0000026837526800 DEOPT PACKING pc=0x000002684786d2ac sp=0x000000fb500fe5b0
Event: 0.074 Thread 0x0000026837526800 DEOPT UNPACKING pc=0x000002683fd0a1af sp=0x000000fb500fe550 mode 2
Event: 0.076 Thread 0x0000026837526800 Uncommon trap: trap_request=0xffffffde fr.pc=0x000002684786eadc relative=0x0000000000000b5c
Event: 0.076 Thread 0x0000026837526800 Uncommon trap: reason=class_check action=maybe_recompile pc=0x000002684786eadc method=java.util.HashMap.putVal(ILjava/lang/Object;Ljava/lang/Object;ZZ)Ljava/lang/Object; @ 152 c2
Event: 0.076 Thread 0x0000026837526800 DEOPT PACKING pc=0x000002684786eadc sp=0x000000fb500faae0
Event: 0.076 Thread 0x0000026837526800 DEOPT UNPACKING pc=0x000002683fd0a1af sp=0x000000fb500faa60 mode 2
Event: 0.076 Thread 0x0000026837526800 Uncommon trap: trap_request=0xffffffde fr.pc=0x000002684786eadc relative=0x0000000000000b5c
Event: 0.076 Thread 0x0000026837526800 Uncommon trap: reason=class_check action=maybe_recompile pc=0x000002684786eadc method=java.util.HashMap.putVal(ILjava/lang/Object;Ljava/lang/Object;ZZ)Ljava/lang/Object; @ 152 c2
Event: 0.076 Thread 0x0000026837526800 DEOPT PACKING pc=0x000002684786eadc sp=0x000000fb500faae0
Event: 0.076 Thread 0x0000026837526800 DEOPT UNPACKING pc=0x000002683fd0a1af sp=0x000000fb500faa60 mode 2
Event: 0.076 Thread 0x0000026837526800 Uncommon trap: trap_request=0xffffffde fr.pc=0x000002684786eadc relative=0x0000000000000b5c
Event: 0.076 Thread 0x0000026837526800 Uncommon trap: reason=class_check action=maybe_recompile pc=0x000002684786eadc method=java.util.HashMap.putVal(ILjava/lang/Object;Ljava/lang/Object;ZZ)Ljava/lang/Object; @ 152 c2
Event: 0.076 Thread 0x0000026837526800 DEOPT PACKING pc=0x000002684786eadc sp=0x000000fb500faae0
Event: 0.076 Thread 0x0000026837526800 DEOPT UNPACKING pc=0x000002683fd0a1af sp=0x000000fb500faa60 mode 2
Event: 0.076 Thread 0x0000026837526800 Uncommon trap: trap_request=0xffffffde fr.pc=0x000002684786eadc relative=0x0000000000000b5c
Event: 0.076 Thread 0x0000026837526800 Uncommon trap: reason=class_check action=maybe_recompile pc=0x000002684786eadc method=java.util.HashMap.putVal(ILjava/lang/Object;Ljava/lang/Object;ZZ)Ljava/lang/Object; @ 152 c2
Event: 0.076 Thread 0x0000026837526800 DEOPT PACKING pc=0x000002684786eadc sp=0x000000fb500faae0
Event: 0.076 Thread 0x0000026837526800 DEOPT UNPACKING pc=0x000002683fd0a1af sp=0x000000fb500faa60 mode 2
Event: 0.078 Thread 0x0000026837526800 DEOPT PACKING pc=0x000002684043ea4b sp=0x000000fb500faa60
Event: 0.078 Thread 0x0000026837526800 DEOPT UNPACKING pc=0x000002683fd0a95e sp=0x000000fb500f9f30 mode 0

Classes redefined (0 events):
No events

Internal exceptions (2 events):
Event: 0.099 Thread 0x0000026837526800 Exception <a 'java/io/FileNotFoundException'{0x0000000714062098}> (0x0000000714062098) thrown at [s\src\hotspot\share\prims\jni.cpp, line 617]
Event: 0.100 Thread 0x0000026837526800 Exception <a 'java/lang/reflect/InvocationTargetException'{0x0000000714068388}> (0x0000000714068388) thrown at [s\src\hotspot\share\runtime\reflection.cpp, line 1245]

Events (20 events):
Event: 0.098 loading class org/jacoco/agent/rt/internal_43f5073/Agent$2
Event: 0.098 loading class org/jacoco/agent/rt/internal_43f5073/Agent$2 done
Event: 0.098 loading class java/lang/NoSuchFieldError
Event: 0.098 loading class java/lang/IncompatibleClassChangeError
Event: 0.098 loading class java/lang/IncompatibleClassChangeError done
Event: 0.098 loading class java/lang/NoSuchFieldError done
Event: 0.098 loading class org/jacoco/agent/rt/internal_43f5073/output/FileOutput
Event: 0.098 loading class org/jacoco/agent/rt/internal_43f5073/output/FileOutput done
Event: 0.099 loading class java/io/FileNotFoundException
Event: 0.099 loading class java/io/FileNotFoundException done
Event: 0.099 Executing VM operation: Deoptimize
Event: 0.099 Executing VM operation: Deoptimize done
Event: 0.099 loading class java/lang/Throwable$WrappedPrintStream
Event: 0.099 loading class java/lang/Throwable$PrintStreamOrWriter
Event: 0.099 loading class java/lang/Throwable$PrintStreamOrWriter done
Event: 0.099 loading class java/lang/Throwable$WrappedPrintStream done
Event: 0.100 loading class java/lang/StackTraceElement$HashedModules
Event: 0.100 loading class java/lang/StackTraceElement$HashedModules done
Event: 0.100 loading class java/lang/reflect/InvocationTargetException
Event: 0.100 loading class java/lang/reflect/InvocationTargetException done


Dynamic libraries:
0x00007ff66ae30000 - 0x00007ff66ae3e000 	C:\Program Files\Eclipse Adoptium\jdk-11.0.21.9-hotspot\bin\java.exe
0x00007ffc2c850000 - 0x00007ffc2ca48000 	C:\Windows\SYSTEM32\ntdll.dll
0x00007ffc2b360000 - 0x00007ffc2b41d000 	C:\Windows\System32\KERNEL32.DLL
0x00007ffc2a360000 - 0x00007ffc2a656000 	C:\Windows\System32\KERNELBASE.dll
0x00007ffc2a260000 - 0x00007ffc2a360000 	C:\Windows\System32\ucrtbase.dll
0x00007ffbed1b0000 - 0x00007ffbed1cb000 	C:\Program Files\Eclipse Adoptium\jdk-11.0.21.9-hotspot\bin\VCRUNTIME140.dll
0x00007ffc137f0000 - 0x00007ffc13807000 	C:\Program Files\Eclipse Adoptium\jdk-11.0.21.9-hotspot\bin\jli.dll
0x00007ffc189b0000 - 0x00007ffc18c4a000 	C:\Windows\WinSxS\amd64_microsoft.windows.common-controls_6595b64144ccf1df_6.0.19041.3636_none_60b6a03d71f818d5\COMCTL32.dll
0x00007ffc2b510000 - 0x00007ffc2b6ae000 	C:\Windows\System32\USER32.dll
0x00007ffc2a090000 - 0x00007ffc2a0b2000 	C:\Windows\System32\win32u.dll
0x00007ffc2be50000 - 0x00007ffc2beee000 	C:\Windows\System32\msvcrt.dll
0x00007ffc2b790000 - 0x00007ffc2b7bb000 	C:\Windows\System32\GDI32.dll
0x00007ffc2a140000 - 0x00007ffc2a257000 	C:\Windows\System32\gdi32full.dll
0x00007ffc29ed0000 - 0x00007ffc29f6d000 	C:\Windows\System32\msvcp_win.dll
0x00007ffc2af90000 - 0x00007ffc2afc2000 	C:\Windows\System32\IMM32.DLL
0x00007ffc14d40000 - 0x00007ffc14d4c000 	C:\Program Files\Eclipse Adoptium\jdk-11.0.21.9-hotspot\bin\vcruntime140_1.dll
0x00007ffbc4f80000 - 0x00007ffbc500d000 	C:\Program Files\Eclipse Adoptium\jdk-11.0.21.9-hotspot\bin\msvcp140.dll
0x00007ffbb9880000 - 0x00007ffbba443000 	C:\Program Files\Eclipse Adoptium\jdk-11.0.21.9-hotspot\bin\server\jvm.dll
0x00007ffc2bda0000 - 0x00007ffc2be50000 	C:\Windows\System32\ADVAPI32.dll
0x00007ffc2b100000 - 0x00007ffc2b1a0000 	C:\Windows\System32\sechost.dll
0x00007ffc2b230000 - 0x00007ffc2b355000 	C:\Windows\System32\RPCRT4.dll
0x00007ffc2a110000 - 0x00007ffc2a137000 	C:\Windows\System32\bcrypt.dll
0x00007ffc2a850000 - 0x00007ffc2a858000 	C:\Windows\System32\PSAPI.DLL
0x00007ffc23df0000 - 0x00007ffc23df9000 	C:\Windows\SYSTEM32\WSOCK32.dll
0x00007ffc15110000 - 0x00007ffc15137000 	C:\Windows\SYSTEM32\WINMM.dll
0x00007ffc1f0a0000 - 0x00007ffc1f0aa000 	C:\Windows\SYSTEM32\VERSION.dll
0x00007ffc2c660000 - 0x00007ffc2c6cb000 	C:\Windows\System32\WS2_32.dll
0x00007ffc28710000 - 0x00007ffc28722000 	C:\Windows\SYSTEM32\kernel.appcore.dll
0x00007ffc13e60000 - 0x00007ffc13e70000 	C:\Program Files\Eclipse Adoptium\jdk-11.0.21.9-hotspot\bin\verify.dll
0x00007ffc27c50000 - 0x00007ffc27e34000 	C:\Windows\SYSTEM32\DBGHELP.DLL
0x00007ffc11a30000 - 0x00007ffc11a64000 	C:\Windows\SYSTEM32\dbgcore.DLL
0x00007ffc2a660000 - 0x00007ffc2a6e2000 	C:\Windows\System32\bcryptPrimitives.dll
0x00007ffbed080000 - 0x00007ffbed0a8000 	C:\Program Files\Eclipse Adoptium\jdk-11.0.21.9-hotspot\bin\java.dll
0x00007ffc09bb0000 - 0x00007ffc09bba000 	C:\Program Files\Eclipse Adoptium\jdk-11.0.21.9-hotspot\bin\jimage.dll
0x00007ffc1e240000 - 0x00007ffc1e24e000 	C:\Program Files\Eclipse Adoptium\jdk-11.0.21.9-hotspot\bin\instrument.dll
0x00007ffbed060000 - 0x00007ffbed078000 	C:\Program Files\Eclipse Adoptium\jdk-11.0.21.9-hotspot\bin\zip.dll
0x00007ffc2bef0000 - 0x00007ffc2c65b000 	C:\Windows\System32\SHELL32.dll
0x00007ffc27e40000 - 0x00007ffc285de000 	C:\Windows\SYSTEM32\windows.storage.dll
0x00007ffc2b970000 - 0x00007ffc2bcc3000 	C:\Windows\System32\combase.dll
0x00007ffc29900000 - 0x00007ffc2992e000 	C:\Windows\SYSTEM32\Wldp.dll
0x00007ffc2b030000 - 0x00007ffc2b0fd000 	C:\Windows\System32\OLEAUT32.dll
0x00007ffc2c730000 - 0x00007ffc2c7dd000 	C:\Windows\System32\SHCORE.dll
0x00007ffc2a860000 - 0x00007ffc2a8b5000 	C:\Windows\System32\shlwapi.dll
0x00007ffc29e00000 - 0x00007ffc29e25000 	C:\Windows\SYSTEM32\profapi.dll
0x00007ffbec480000 - 0x00007ffbec499000 	C:\Program Files\Eclipse Adoptium\jdk-11.0.21.9-hotspot\bin\net.dll
0x00007ffc219a0000 - 0x00007ffc21aaa000 	C:\Windows\SYSTEM32\WINHTTP.dll
0x00007ffc29660000 - 0x00007ffc296ca000 	C:\Windows\system32\mswsock.dll
0x00007ffbec460000 - 0x00007ffbec472000 	C:\Program Files\Eclipse Adoptium\jdk-11.0.21.9-hotspot\bin\nio.dll
0x00007ffbe5870000 - 0x00007ffbe5887000 	C:\Windows\system32\napinsp.dll
0x00007ffbe5850000 - 0x00007ffbe586b000 	C:\Windows\system32\pnrpnsp.dll
0x00007ffc21bb0000 - 0x00007ffc21bc5000 	C:\Windows\system32\wshbth.dll
0x00007ffc22540000 - 0x00007ffc2255d000 	C:\Windows\system32\NLAapi.dll
0x00007ffc29300000 - 0x00007ffc2933b000 	C:\Windows\SYSTEM32\IPHLPAPI.DLL
0x00007ffc29340000 - 0x00007ffc2940b000 	C:\Windows\SYSTEM32\DNSAPI.dll
0x00007ffc2af80000 - 0x00007ffc2af88000 	C:\Windows\System32\NSI.dll
0x00007ffbe5830000 - 0x00007ffbe5842000 	C:\Windows\System32\winrnr.dll
0x00007ffc20100000 - 0x00007ffc2010a000 	C:\Windows\System32\rasadhlp.dll
0x00007ffc1f140000 - 0x00007ffc1f1c0000 	C:\Windows\System32\fwpuclnt.dll

dbghelp: loaded successfully - version: 4.0.5 - missing functions: none
symbol engine: initialized successfully - sym options: 0x614 - pdb path: .;C:\Program Files\Eclipse Adoptium\jdk-11.0.21.9-hotspot\bin;C:\Windows\SYSTEM32;C:\Windows\WinSxS\amd64_microsoft.windows.common-controls_6595b64144ccf1df_6.0.19041.3636_none_60b6a03d71f818d5;C:\Program Files\Eclipse Adoptium\jdk-11.0.21.9-hotspot\bin\server

VM Arguments:
jvm_args: -javaagent:C:\\Users\\Иван Абросимов\\.m2\\repository\\org\\jacoco\\org.jacoco.agent\\0.8.5\\org.jacoco.agent-0.8.5-runtime.jar=destfile=C:\\Users\\Иван Абросимов\\IdeaProjects\\CIAndJaCoCo\\target\\jacoco.exec 
java_command: C:\Users\5C9F~1\AppData\Local\Temp\surefire15491749686550501100\surefirebooter2646701014158790415.jar C:\Users\Иван Абросимов\AppData\Local\Temp\surefire15491749686550501100 2024-04-02T13-09-53_535-jvmRun1 surefire2495439798679815506tmp surefire_07382835392131368122tmp
java_class_path (initial): C:\Users\5C9F~1\AppData\Local\Temp\surefire15491749686550501100\surefirebooter2646701014158790415.jar
Launcher Type: SUN_STANDARD

[Global flags]
     intx CICompilerCount                          = 12                                        {product} {ergonomic}
     uint ConcGCThreads                            = 4                                         {product} {ergonomic}
     uint G1ConcRefinementThreads                  = 15                                        {product} {ergonomic}
   size_t G1HeapRegionSize                         = 1048576                                   {product} {ergonomic}
    uintx GCDrainStackTargetSize                   = 64                                        {product} {ergonomic}
   size_t InitialHeapSize                          = 264241152                                 {product} {ergonomic}
   size_t MarkStackSize                            = 4194304                                   {product} {ergonomic}
   size_t MaxHeapSize                              = 4219469824                                {product} {ergonomic}
   size_t MaxNewSize                               = 2531262464                                {product} {ergonomic}
   size_t MinHeapDeltaBytes                        = 1048576                                   {product} {ergonomic}
    uintx NonNMethodCodeHeapSize                   = 7594288                                {pd product} {ergonomic}
    uintx NonProfiledCodeHeapSize                  = 122031976                              {pd product} {ergonomic}
    uintx ProfiledCodeHeapSize                     = 122031976                              {pd product} {ergonomic}
    uintx ReservedCodeCacheSize                    = 251658240                              {pd product} {ergonomic}
     bool SegmentedCodeCache                       = true                                      {product} {ergonomic}
     bool UseCompressedClassPointers               = true                                 {lp64_product} {ergonomic}
     bool UseCompressedOops                        = true                                 {lp64_product} {ergonomic}
     bool UseG1GC                                  = true                                      {product} {ergonomic}
     bool UseLargePagesIndividualAllocation        = false                                  {pd product} {ergonomic}

Logging:
Log output configuration:
 #0: stdout all=warning uptime,level,tags
 #1: stderr all=off uptime,level,tags

Environment Variables:
PATH=C:\Program Files\Eclipse Adoptium\jdk-11.0.21.9-hotspot\bin;C:\Program Files (x86)\Eclipse Adoptium\jdk-11.0.21.9-hotspot\bin;C:\Windows\system32;C:\Windows;C:\Windows\System32\Wbem;C:\Windows\System32\WindowsPowerShell\v1.0\;C:\Windows\System32\OpenSSH\;C:\Program Files (x86)\NVIDIA Corporation\PhysX\Common;C:\Program Files (x86)\dotnet\;C:\Program Files\NVIDIA Corporation\NVIDIA NvDLISR;C:\Program Files\Git\cmd;C:\Users\Иван Абросимов\AppData\Local\Microsoft\WindowsApps;;C:\Users\Иван Абросимов\AppData\Local\Microsoft VS Code\bin
USERNAME=Иван Абросимов
OS=Windows_NT
PROCESSOR_IDENTIFIER=Intel64 Family 6 Model 154 Stepping 3, GenuineIntel
TMP=C:\Users\5C9F~1\AppData\Local\Temp
TEMP=C:\Users\5C9F~1\AppData\Local\Temp



---------------  S Y S T E M  ---------------

OS: Windows 10 , 64 bit Build 19041 (10.0.19041.3636)
OS uptime: 12 days 18:13 hours

CPU:total 20 (initial active 20) (10 cores per cpu, 2 threads per core) family 6 model 154 stepping 3 microcode 0x41f, cmov, cx8, fxsr, mmx, sse, sse2, sse3, ssse3, sse4.1, sse4.2, popcnt, avx, avx2, aes, clmul, erms, 3dnowpref, lzcnt, ht, tsc, tscinvbit, bmi1, bmi2, adx, sha, fma

Memory: 4k page, system-wide physical 16088M (5874M free)
TotalPageFile size 19618M (AvailPageFile size 4474M)
current process WorkingSet (physical memory assigned to process): 46M, peak: 46M
current process commit charge ("private bytes"): 354M, peak: 354M

vm_info: OpenJDK 64-Bit Server VM (11.0.21+9) for windows-amd64 JRE (11.0.21+9), built on Oct 17 2023 22:10:05 by "" with MS VC++ 16.10 / 16.11 (VS2019)

END.
